Collecting git+https://github.com/jaraco/path.py.git
  Cloning https://github.com/jaraco/path.py.git to /private/var/folders/zz/zyxvpxvq6csfxvn_n000cb2m0032rn/T/pip-req-build-mg56v136
  Running command git clone -q https://github.com/jaraco/path.py.git /private/var/folders/zz/zyxvpxvq6csfxvn_n000cb2m0032rn/T/pip-req-build-mg56v136
  Installing build dependencies: started
  Installing build dependencies: finished with status 'done'
  Getting requirements to build wheel: started
  Getting requirements to build wheel: finished with status 'done'
  Installing backend dependencies: started
  Installing backend dependencies: finished with status 'done'
    Preparing wheel metadata: started
    Preparing wheel metadata: finished with status 'done'
Building wheels for collected packages: path
  Building wheel for path (PEP 517): started
  Building wheel for path (PEP 517): finished with status 'done'
  Created wheel for path: filename=path-16.9.1.dev11+gf95a2a2-py3-none-any.whl size=24949 sha256=8a1ee2ce92b771ad0ee863465e3c10f23e6d8e16939e5edecedc490503c634b2
  Stored in directory: /private/var/folders/zz/zyxvpxvq6csfxvn_n000cb2m0032rn/T/pip-ephem-wheel-cache-ong77mxy/wheels/a1/20/8a/88ee22a2ea9ba03c3542a7b07d3ca909c9cef6d609ea63125f
Successfully built path
Installing collected packages: path
Successfully installed path-16.9.1.dev11+gf95a2a2
WARNING: You are using pip version 21.1.1; however, version 23.3.2 is available.
You should consider upgrading via the '/Users/hdagdagu/Desktop/python/Day03/ex01/local_lib/bin/python3 -m pip install --upgrade pip' command.
